--------------------------------------------------------------------------------
Release 14.6 Trace  (nt64)
Copyright (c) 1995-2013 Xilinx, Inc.  All rights reserved.

C:\Xilinx\14.6\ISE_DS\ISE\bin\nt64\unwrapped\trce.exe -intstyle ise -o
FourBitAdder.twr -v 30 -l 30 FourBitAdder_routed.ncd FourBitAdder.pcf

Design file:              FourBitAdder_routed.ncd
Physical constraint file: FourBitAdder.pcf
Device,package,speed:     xc6slx16,csg324,C,-3 (PRODUCTION 1.23 2013-06-08)
Report level:             verbose report, limited to 30 items per constraint

Environment Variable      Effect 
--------------------      ------ 
NONE                      No environment variables were set
--------------------------------------------------------------------------------

INFO:Timing:2698 - No timing constraints found, doing default enumeration.
INFO:Timing:3412 - To improve timing, see the Timing Closure User Guide (UG612).
INFO:Timing:2752 - To get complete path coverage, use the unconstrained paths 
   option. All paths that are not constrained will be reported in the 
   unconstrained paths section(s) of the report.
INFO:Timing:3339 - The clock-to-out numbers in this timing report are based on 
   a 50 Ohm transmission line loading model.  For the details of this model, 
   and for more information on accounting for different loading conditions, 
   please see the device datasheet.



Data Sheet report:
-----------------
All values displayed in nanoseconds (ns)

Pad to Pad
---------------+---------------+---------+
Source Pad     |Destination Pad|  Delay  |
---------------+---------------+---------+
A[0]           |Cout           |    7.105|
A[0]           |Sum[0]         |    5.948|
A[0]           |Sum[1]         |    6.514|
A[0]           |Sum[2]         |    6.802|
A[0]           |Sum[3]         |    7.326|
A[1]           |Cout           |    6.924|
A[1]           |Sum[1]         |    6.333|
A[1]           |Sum[2]         |    6.621|
A[1]           |Sum[3]         |    7.145|
A[2]           |Cout           |    6.434|
A[2]           |Sum[2]         |    6.086|
A[2]           |Sum[3]         |    6.655|
A[3]           |Cout           |    6.295|
A[3]           |Sum[3]         |    6.516|
B[0]           |Cout           |    6.657|
B[0]           |Sum[0]         |    6.295|
B[0]           |Sum[1]         |    6.066|
B[0]           |Sum[2]         |    6.354|
B[0]           |Sum[3]         |    6.878|
B[1]           |Cout           |    6.961|
B[1]           |Sum[1]         |    6.370|
B[1]           |Sum[2]         |    6.658|
B[1]           |Sum[3]         |    7.182|
B[2]           |Cout           |    6.327|
B[2]           |Sum[2]         |    6.469|
B[2]           |Sum[3]         |    6.548|
B[3]           |Cout           |    6.087|
B[3]           |Sum[3]         |    6.308|
Cin            |Cout           |    6.959|
Cin            |Sum[0]         |    6.428|
Cin            |Sum[1]         |    6.368|
Cin            |Sum[2]         |    6.656|
Cin            |Sum[3]         |    7.180|
---------------+---------------+---------+


Analysis completed Wed Apr 09 21:05:50 2014 
--------------------------------------------------------------------------------

Trace Settings:
-------------------------
Trace Settings 

Peak Memory Usage: 215 MB



