
*** Running xst
    with args -ifn "FourBitAdder.xst" -ofn "FourBitAdder.srp" -intstyle ise

Reading design: FourBitAdder.prj

=========================================================================
*                          HDL Parsing                                  *
=========================================================================
Parsing VHDL file "C:/Users/lamphejw/Desktop/Project 3/Project 3.srcs/sources_1/new/FullAdder.vhd" into library work
Parsing entity <FullAdder>.
Parsing architecture <Behavioral> of entity <fulladder>.
Parsing VHDL file "C:/Users/lamphejw/Desktop/Project 3/Project 3.srcs/sources_1/new/my_4bit_FA.vhd" into library work
Parsing entity <FourBitAdder>.
Parsing architecture <FourBitAdderFunction> of entity <fourbitadder>.

=========================================================================
*                            HDL Elaboration                            *
=========================================================================

Elaborating entity <FourBitAdder> (architecture <FourBitAdderFunction>) from library <work>.

Elaborating entity <FullAdder> (architecture <Behavioral>) from library <work>.

=========================================================================
*                           HDL Synthesis                               *
=========================================================================

Synthesizing Unit <FourBitAdder>.
    Related source file is "C:/Users/lamphejw/Desktop/Project 3/Project 3.srcs/sources_1/new/my_4bit_FA.vhd".
    Summary:
	no macro.
Unit <FourBitAdder> synthesized.

Synthesizing Unit <FullAdder>.
    Related source file is "C:/Users/lamphejw/Desktop/Project 3/Project 3.srcs/sources_1/new/FullAdder.vhd".
    Summary:
Unit <FullAdder> synthesized.

=========================================================================
HDL Synthesis Report

Macro Statistics
# Xors                                                 : 8
 1-bit xor2                                            : 8

=========================================================================

=========================================================================
*                       Advanced HDL Synthesis                          *
=========================================================================


=========================================================================
Advanced HDL Synthesis Report

Macro Statistics
# Xors                                                 : 8
 1-bit xor2                                            : 8

=========================================================================

=========================================================================
*                         Low Level Synthesis                           *
=========================================================================

Optimizing unit <FourBitAdder> ...

Mapping all equations...
Building and optimizing final netlist ...
Found area constraint ratio of 100 (+ 0) on block FourBitAdder, actual ratio is 0.

Final Macro Processing ...

=========================================================================
Final Register Report

Found no macro
=========================================================================

=========================================================================
*                           Partition Report                            *
=========================================================================

Partition Implementation Status
-------------------------------

  No Partitions were found in this design.

-------------------------------

=========================================================================
*                            Design Summary                             *
=========================================================================

Clock Information:
------------------
No clock signals found in this design

Asynchronous Control Signals Information:
----------------------------------------
No asynchronous control signals found in this design

Timing Summary:
---------------
Speed Grade: -3

   Minimum period: No path found
   Minimum input arrival time before clock: No path found
   Maximum output required time after clock: No path found
   Maximum combinational path delay: 6.494ns

=========================================================================
